2011-05-16 17:40:27 [500] : quest[9995] completed, character[11, lv 1, 0] gain 45.
2011-05-16 17:40:27 [501] : quest[9995] completed, character[11, lv 1, 0] gain 0.
2011-05-16 17:40:37 [500] : quest[9996] completed, character[11, lv 2, 0] gain 60.
2011-05-16 17:40:37 [501] : quest[9996] completed, character[11, lv 2, 0] gain 0.
2011-05-16 17:40:48 [500] : quest[9997] completed, character[11, lv 2, 0] gain 130.
2011-05-16 17:40:48 [502] : quest[9997] completed, character[11, lv 2, 0] gain 1 item[200006].
2011-05-16 17:40:48 [501] : quest[9997] completed, character[11, lv 2, 0] gain 0.
2011-05-16 17:41:48 [300] : 101003 died in 3001, character[11, lv 2, 0] gain 55 xp.
2011-05-16 17:41:52 [400] : character[11, lv 2, 0] loot 13.
2011-05-16 17:42:53 [300] : 101002 died in 3001, character[11, lv 2, 0] gain 60 xp.
2011-05-16 17:42:58 [400] : character[11, lv 2, 0] loot 17.
2011-05-16 17:43:17 [300] : 101001 died in 3001, character[11, lv 2, 0] gain 50 xp.
2011-05-16 17:43:19 [400] : character[11, lv 2, 0] loot 8.
2011-05-16 17:43:47 [300] : 101002 died in 3001, character[11, lv 3, 0] gain 60 xp.
2011-05-16 17:43:48 [400] : character[11, lv 3, 0] loot 19.
2011-05-16 17:44:26 [500] : quest[9998] completed, character[11, lv 3, 0] gain 240.
2011-05-16 17:44:26 [501] : quest[9998] completed, character[11, lv 3, 0] gain 0.
2011-05-16 17:44:59 [500] : quest[9999] completed, character[11, lv 3, 0] gain 400.
2011-05-16 17:44:59 [502] : quest[9999] completed, character[11, lv 3, 0] gain 4 item[200008].
2011-05-16 17:44:59 [501] : quest[9999] completed, character[11, lv 3, 0] gain 0.
2011-05-16 17:45:17 [500] : quest[10000] completed, character[11, lv 4, 0] gain 450.
2011-05-16 17:45:17 [501] : quest[10000] completed, character[11, lv 4, 0] gain 0.
2011-05-16 17:46:24 [300] : 210301 died in 2103, character[11, lv 4, 0] gain 70 xp.
2011-05-16 17:46:28 [400] : character[11, lv 4, 0] loot 42.
2011-05-17 15:39:52 [602] : character[12, lv 1, 0] purchased spell[30900] for 0.
2011-05-17 15:45:58 [400] : character[12, lv 1, 0] loot 25.
2011-05-17 15:46:12 [400] : character[12, lv 2, 0] loot 44.
2011-05-17 15:46:21 [400] : character[12, lv 2, 0] loot 42.
2011-05-17 15:46:31 [400] : character[12, lv 2, 0] loot 29.
2011-05-17 15:50:06 [400] : character[12, lv 2, 0] loot 27.
2011-05-17 15:50:16 [400] : character[12, lv 2, 0] loot 35.
2011-05-17 15:50:37 [400] : character[12, lv 2, 0] loot 31.
2011-05-17 15:50:41 [400] : character[12, lv 2, 0] loot 35.
2011-05-17 16:02:02 [602] : character[14, lv 1, 0] purchased spell[30900] for 0.
2011-05-17 16:02:14 [400] : character[14, lv 1, 0] loot 30.
2011-05-17 16:08:53 [602] : character[16, lv 1, 0] purchased spell[30900] for 0.
2011-05-17 16:08:58 [300] : 210301 died in 2103, character[16, lv 1, 0] gain 70 xp.
2011-05-17 16:09:02 [400] : character[16, lv 1, 0] loot 42.
2011-05-17 16:09:05 [300] : 210301 died in 2103, character[16, lv 2, 0] gain 70 xp.
2011-05-17 16:09:09 [400] : character[16, lv 2, 0] loot 38.
2011-05-17 16:09:14 [300] : 210301 died in 2103, character[16, lv 2, 0] gain 70 xp.
2011-05-17 16:09:17 [400] : character[16, lv 2, 0] loot 35.
2011-05-17 16:09:20 [300] : 210301 died in 2103, character[16, lv 2, 0] gain 70 xp.
2011-05-17 16:09:31 [300] : 210301 died in 2103, character[16, lv 2, 0] gain 70 xp.
2011-05-17 16:09:35 [400] : character[16, lv 2, 0] loot 26.
2011-05-17 16:09:37 [300] : 210301 died in 2103, character[16, lv 2, 0] gain 70 xp.
2011-05-17 16:09:46 [400] : character[16, lv 2, 0] loot 29.
2011-05-17 16:09:48 [300] : 210301 died in 2103, character[16, lv 3, 0] gain 70 xp.
2011-05-17 16:09:50 [400] : character[16, lv 3, 0] loot 32.
2011-05-17 16:09:52 [300] : 210301 died in 2103, character[16, lv 3, 0] gain 70 xp.
2011-05-17 16:09:57 [400] : character[16, lv 3, 0] loot 37.
2011-05-17 16:11:46 [400] : character[16, lv 3, 0] loot 31.
2011-05-17 16:13:56 [400] : character[12, lv 3, 0] loot 44.
2011-05-17 16:14:18 [400] : character[12, lv 3, 0] loot 31.
2011-05-17 16:14:29 [400] : character[12, lv 3, 0] loot 32.
2011-05-17 16:14:37 [400] : character[12, lv 3, 0] loot 32.
2011-05-17 16:14:46 [400] : character[12, lv 3, 0] loot 42.
2011-05-17 16:26:29 [602] : character[18, lv 1, 0] purchased spell[30900] for 0.
2011-05-17 16:26:35 [300] : 210301 died in 2103, character[18, lv 1, 0] gain 70 xp.
2011-05-17 16:26:39 [400] : character[18, lv 1, 0] loot 26.
2011-05-17 16:26:46 [300] : 210301 died in 2103, character[18, lv 2, 0] gain 70 xp.
2011-05-17 16:26:48 [400] : character[18, lv 2, 0] loot 37.
2011-05-17 16:26:52 [300] : 210301 died in 2103, character[18, lv 2, 0] gain 70 xp.
2011-05-17 16:26:55 [400] : character[18, lv 2, 0] loot 36.
2011-05-17 16:27:06 [300] : 210301 died in 2103, character[18, lv 2, 0] gain 70 xp.
2011-05-17 16:27:09 [400] : character[18, lv 2, 0] loot 41.
2011-05-17 16:28:35 [300] : 210301 died in 2103, character[18, lv 2, 0] gain 70 xp.
2011-05-17 16:28:59 [400] : character[18, lv 2, 0] loot 29.
2011-05-17 16:30:53 [300] : 210301 died in 2103, character[18, lv 2, 0] gain 70 xp.
2011-05-17 16:31:38 [400] : character[18, lv 2, 0] loot 43.
2011-05-17 16:32:06 [400] : character[18, lv 2, 0] loot 35.
2011-05-17 16:32:25 [400] : character[18, lv 3, 0] loot 36.
2011-05-17 16:41:15 [400] : character[18, lv 3, 0] loot 144.
2011-05-17 16:42:02 [602] : character[19, lv 2, 0] purchased spell[30900] for 0.
2011-05-17 16:42:33 [400] : character[19, lv 2, 0] loot 42.
2011-05-17 16:42:57 [400] : character[18, lv 3, 0] loot 37.
2011-05-17 16:49:27 [602] : character[22, lv 1, 0] purchased spell[30900] for 0.
2011-05-17 16:49:59 [400] : character[22, lv 1, 0] loot 29.
2011-05-17 16:50:37 [400] : character[22, lv 1, 0] loot 35.
2011-05-17 16:51:12 [400] : character[22, lv 2, 0] loot 36.
2011-05-17 16:51:52 [400] : character[22, lv 2, 0] loot 40.
2011-05-17 17:31:53 [400] : character[21, lv 2, 0] loot 186.
2011-05-17 17:35:09 [400] : character[22, lv 3, 0] loot 168.
2011-05-17 18:05:21 [400] : character[22, lv 5, 0] loot 208.
2011-05-17 18:06:22 [400] : character[22, lv 6, 0] loot 184.
2011-05-17 18:13:54 [400] : character[22, lv 6, 0] loot 244.
2011-05-18 10:34:19 [300] : 111009 died in 2103, character[27, lv 2, 0] gain 120 xp.
2011-05-18 10:36:05 [602] : character[28, lv 1, 0] purchased spell[30900] for 0.
2011-05-18 10:36:10 [300] : 210301 died in 2103, character[28, lv 1, 0] gain 70 xp.
2011-05-18 10:36:16 [400] : character[28, lv 1, 0] loot 31.
2011-05-18 10:36:18 [300] : 210301 died in 2103, character[28, lv 2, 0] gain 70 xp.
2011-05-18 10:36:21 [400] : character[28, lv 2, 0] loot 40.
2011-05-18 10:36:23 [300] : 210301 died in 2103, character[28, lv 2, 0] gain 70 xp.
2011-05-18 10:36:25 [400] : character[28, lv 2, 0] loot 30.
2011-05-18 10:36:27 [300] : 210301 died in 2103, character[28, lv 2, 0] gain 70 xp.
2011-05-18 10:36:29 [400] : character[28, lv 2, 0] loot 42.
2011-05-18 10:36:31 [300] : 210301 died in 2103, character[28, lv 2, 0] gain 70 xp.
2011-05-18 10:36:33 [400] : character[28, lv 2, 0] loot 34.
2011-05-18 10:36:35 [300] : 210301 died in 2103, character[28, lv 2, 0] gain 70 xp.
2011-05-18 10:36:37 [400] : character[28, lv 2, 0] loot 44.
2011-05-18 10:36:39 [300] : 210301 died in 2103, character[28, lv 3, 0] gain 70 xp.
2011-05-18 10:36:42 [400] : character[28, lv 3, 0] loot 30.
2011-05-18 10:40:14 [500] : quest[9998] completed, character[26, lv 3, 0] gain 240.
2011-05-18 10:40:14 [501] : quest[9998] completed, character[26, lv 3, 0] gain 0.
2011-05-18 10:41:06 [500] : quest[9999] completed, character[26, lv 3, 0] gain 400.
2011-05-18 10:41:06 [502] : quest[9999] completed, character[26, lv 3, 0] gain 4 item[200008].
2011-05-18 10:41:06 [501] : quest[9999] completed, character[26, lv 3, 0] gain 0.
2011-05-18 10:41:50 [500] : quest[10000] completed, character[26, lv 4, 0] gain 450.
2011-05-18 10:41:50 [501] : quest[10000] completed, character[26, lv 4, 0] gain 0.
2011-05-18 10:49:05 [602] : character[30, lv 1, 0] purchased spell[30900] for 0.
2011-05-18 12:40:35 [500] : quest[9995] completed, character[39, lv 1, 0] gain 200.
2011-05-18 12:40:35 [501] : quest[9995] completed, character[39, lv 1, 0] gain 700.
2011-05-18 12:47:18 [500] : quest[9996] completed, character[39, lv 2, 0] gain 250.
2011-05-18 12:47:18 [501] : quest[9996] completed, character[39, lv 2, 0] gain 700.
2011-05-18 14:55:22 [500] : quest[9995] completed, character[47, lv 1, 0] gain 200.
2011-05-18 14:55:22 [501] : quest[9995] completed, character[47, lv 1, 0] gain 700.
2011-05-18 14:55:32 [500] : quest[9996] completed, character[47, lv 2, 0] gain 250.
2011-05-18 14:55:32 [501] : quest[9996] completed, character[47, lv 2, 0] gain 700.
2011-05-18 14:55:42 [500] : quest[9997] completed, character[47, lv 2, 0] gain 350.
2011-05-18 14:55:42 [502] : quest[9997] completed, character[47, lv 2, 0] gain 1 item[200006].
2011-05-18 14:55:42 [501] : quest[9997] completed, character[47, lv 2, 0] gain 800.
2011-05-18 14:56:36 [500] : quest[9995] completed, character[48, lv 1, 0] gain 200.
2011-05-18 14:56:36 [501] : quest[9995] completed, character[48, lv 1, 0] gain 700.
2011-05-18 14:56:46 [500] : quest[9996] completed, character[48, lv 2, 0] gain 250.
2011-05-18 14:56:46 [501] : quest[9996] completed, character[48, lv 2, 0] gain 700.
2011-05-18 14:56:57 [500] : quest[9997] completed, character[48, lv 2, 0] gain 350.
2011-05-18 14:56:57 [502] : quest[9997] completed, character[48, lv 2, 0] gain 1 item[200006].
2011-05-18 14:56:57 [501] : quest[9997] completed, character[48, lv 2, 0] gain 800.
2011-05-18 14:57:55 [602] : character[48, lv 2, 0] purchased spell[30900] for 0.
2011-05-18 15:03:00 [400] : character[48, lv 2, 0] loot 20.
2011-05-18 15:03:39 [400] : character[48, lv 2, 0] loot 17.
2011-05-18 15:03:55 [400] : character[47, lv 2, 0] loot 16.
2011-05-18 15:04:32 [400] : character[48, lv 2, 0] loot 23.
2011-05-18 15:04:45 [400] : character[47, lv 2, 0] loot 21.
2011-05-18 15:05:01 [400] : character[48, lv 2, 0] loot 15.
2011-05-18 15:05:18 [400] : character[47, lv 2, 0] loot 25.
2011-05-18 15:05:36 [602] : character[47, lv 2, 0] purchased spell[30900] for 0.
2011-05-18 15:05:49 [400] : character[48, lv 2, 0] loot 15.
2011-05-18 15:06:04 [400] : character[48, lv 2, 0] loot 17.
2011-05-18 15:06:18 [400] : character[48, lv 2, 0] loot 22.
2011-05-18 15:06:28 [400] : character[47, lv 3, 0] loot 24.
2011-05-18 15:06:51 [400] : character[47, lv 3, 0] loot 18.
2011-05-18 15:07:33 [400] : character[47, lv 3, 0] loot 17.
2011-05-18 15:07:56 [400] : character[47, lv 3, 0] loot 17.
2011-05-18 15:08:06 [400] : character[48, lv 3, 0] loot 15.
2011-05-18 15:08:20 [400] : character[48, lv 3, 0] loot 15.
2011-05-18 15:08:36 [400] : character[48, lv 3, 0] loot 17.
2011-05-18 15:10:58 [400] : character[47, lv 3, 0] loot 16.
2011-05-18 15:11:19 [400] : character[48, lv 3, 0] loot 17.
2011-05-18 15:11:30 [400] : character[48, lv 3, 0] loot 20.
2011-05-18 15:12:03 [400] : character[47, lv 3, 0] loot 17.
2011-05-18 15:13:11 [400] : character[48, lv 3, 0] loot 16.
2011-05-18 15:13:44 [400] : character[47, lv 3, 0] loot 15.
2011-05-18 15:13:59 [400] : character[47, lv 3, 0] loot 16.
2011-05-18 15:14:15 [400] : character[47, lv 3, 0] loot 22.
2011-05-18 15:14:25 [400] : character[47, lv 3, 0] loot 23.
2011-05-18 15:14:28 [602] : character[49, lv 1, 0] purchased spell[30900] for 0.
2011-05-18 15:14:33 [300] : 210301 died in 2103, character[49, lv 1, 0] gain 70 xp.
2011-05-18 15:14:34 [400] : character[48, lv 3, 0] loot 23.
2011-05-18 15:14:35 [300] : 210301 died in 2103, character[49, lv 1, 0] gain 70 xp.
2011-05-18 15:14:41 [400] : character[49, lv 1, 0] loot 33.
2011-05-18 15:14:43 [400] : character[49, lv 1, 0] loot 36.
2011-05-18 15:14:47 [300] : 210301 died in 2103, character[49, lv 1, 0] gain 70 xp.
2011-05-18 15:14:51 [400] : character[49, lv 1, 0] loot 44.
2011-05-18 15:15:51 [400] : character[48, lv 3, 0] loot 25.
2011-05-18 15:15:58 [400] : character[48, lv 3, 0] loot 15.
2011-05-18 15:16:16 [400] : character[48, lv 3, 0] loot 23.
2011-05-18 15:16:23 [400] : character[47, lv 3, 0] loot 22.
2011-05-18 15:16:34 [400] : character[48, lv 3, 0] loot 22.
2011-05-18 15:18:08 [400] : character[48, lv 3, 0] loot 19.
2011-05-18 15:18:34 [400] : character[48, lv 3, 0] loot 23.
2011-05-18 15:18:40 [400] : character[48, lv 3, 0] loot 19.
2011-05-18 15:19:19 [400] : character[48, lv 3, 0] loot 26.
2011-05-18 15:19:26 [400] : character[48, lv 3, 0] loot 16.
2011-05-18 15:19:37 [400] : character[48, lv 3, 0] loot 24.
2011-05-18 15:20:01 [400] : character[48, lv 3, 0] loot 24.
2011-05-18 15:20:10 [400] : character[48, lv 3, 0] loot 21.
2011-05-18 15:22:08 [400] : character[48, lv 3, 0] loot 25.
2011-05-18 15:22:16 [400] : character[48, lv 3, 0] loot 23.
2011-05-18 15:22:27 [400] : character[48, lv 3, 0] loot 23.
2011-05-18 15:23:13 [400] : character[48, lv 3, 0] loot 24.
2011-05-18 15:23:25 [400] : character[48, lv 4, 0] loot 26.
2011-05-18 15:25:29 [400] : character[48, lv 4, 0] loot 19.
2011-05-18 15:25:40 [400] : character[48, lv 4, 0] loot 25.
2011-05-18 15:26:51 [400] : character[48, lv 4, 0] loot 25.
2011-05-18 15:30:26 [400] : character[48, lv 4, 0] loot 15.
2011-05-18 15:30:34 [400] : character[48, lv 4, 0] loot 22.
2011-05-18 15:30:46 [400] : character[48, lv 4, 0] loot 15.
2011-05-18 15:30:59 [400] : character[48, lv 4, 0] loot 26.
2011-05-18 15:31:15 [400] : character[47, lv 4, 0] loot 22.
2011-05-18 15:31:37 [400] : character[47, lv 4, 0] loot 20.
2011-05-18 15:31:43 [400] : character[47, lv 4, 0] loot 16.
2011-05-18 15:31:55 [400] : character[48, lv 4, 0] loot 20.
2011-05-18 15:32:09 [400] : character[48, lv 4, 0] loot 26.
2011-05-18 15:32:21 [400] : character[48, lv 4, 0] loot 21.
2011-05-18 15:33:23 [400] : character[48, lv 4, 0] loot 21.
2011-05-18 15:33:39 [400] : character[48, lv 4, 0] loot 16.
2011-05-18 15:33:47 [400] : character[48, lv 4, 0] loot 24.
2011-05-18 15:33:59 [400] : character[48, lv 4, 0] loot 21.
2011-05-18 15:34:59 [400] : character[48, lv 4, 0] loot 26.
2011-05-18 16:04:47 [500] : quest[9995] completed, character[53, lv 1, 0] gain 200.
2011-05-18 16:04:47 [501] : quest[9995] completed, character[53, lv 1, 0] gain 700.
